build/app/intermediates/manifest_merge_blame_file/release/manifest-merger-blame-release-report.txt
1<?xml version="1.0" encoding="utf-8"?>
2<manifest xmlns:android="http://schemas.android.com/apk/res/android"
3    package="com.gtdvm.echo_point"
4    android:versionCode="1"
5    android:versionName="1.0.0" >
6
7    <uses-sdk
8        android:minSdkVersion="21"
8-->src\main\AndroidManifest.xml
9        android:targetSdkVersion="33" />
9-->src\main\AndroidManifest.xml
10    <!-- required for API 18 - 30 -->
11    <uses-permission
11-->[:reactive_ble_mobile] AndroidManifest.xml:10:5-12:38
12        android:name="android.permission.BLUETOOTH"
12-->[:reactive_ble_mobile] AndroidManifest.xml:11:9-52
13        android:maxSdkVersion="30"
13-->[:reactive_ble_mobile] AndroidManifest.xml:12:9-35
14        android:required="false" />
14-->[org.altbeacon:android-beacon-library:2.19] AndroidManifest.xml:12:9-33
15    <uses-permission
15-->[:reactive_ble_mobile] AndroidManifest.xml:13:5-15:38
16        android:name="android.permission.BLUETOOTH_ADMIN"
16-->[:reactive_ble_mobile] AndroidManifest.xml:14:9-58
17        android:maxSdkVersion="30"
17-->[:reactive_ble_mobile] AndroidManifest.xml:15:9-35
18        android:required="false" />
18-->[org.altbeacon:android-beacon-library:2.19] AndroidManifest.xml:15:9-33
19    <uses-permission android:name="android.permission.RECEIVE_BOOT_COMPLETED" />
19-->[org.altbeacon:android-beacon-library:2.19] AndroidManifest.xml:16:5-81
19-->[org.altbeacon:android-beacon-library:2.19] AndroidManifest.xml:16:22-78
20    <uses-permission android:name="android.permission.ACCESS_COARSE_LOCATION" /> <!-- required for API 23 - 30, no android:maxSdkVersion because of a potential breaking change -->
20-->[org.altbeacon:android-beacon-library:2.19] AndroidManifest.xml:17:5-81
20-->[org.altbeacon:android-beacon-library:2.19] AndroidManifest.xml:17:22-78
21    <!-- TODO: add android:maxSdkVersion on 2.0.0 -->
22    <uses-permission-sdk-23 android:name="android.permission.ACCESS_COARSE_LOCATION" />
22-->[com.polidea.rxandroidble2:rxandroidble:1.16.0] AndroidManifest.xml:18:5-88
22-->[com.polidea.rxandroidble2:rxandroidble:1.16.0] AndroidManifest.xml:18:29-85
23    <uses-permission-sdk-23 android:name="android.permission.ACCESS_FINE_LOCATION" /> <!-- API 31+ -->
23-->[com.polidea.rxandroidble2:rxandroidble:1.16.0] AndroidManifest.xml:19:5-86
23-->[com.polidea.rxandroidble2:rxandroidble:1.16.0] AndroidManifest.xml:19:29-83
24    <uses-permission android:name="android.permission.BLUETOOTH_CONNECT" />
24-->[com.polidea.rxandroidble2:rxandroidble:1.16.0] AndroidManifest.xml:21:5-76
24-->[com.polidea.rxandroidble2:rxandroidble:1.16.0] AndroidManifest.xml:21:22-73
25    <uses-permission
25-->[com.polidea.rxandroidble2:rxandroidble:1.16.0] AndroidManifest.xml:22:5-25:31
26        android:name="android.permission.BLUETOOTH_SCAN"
26-->[com.polidea.rxandroidble2:rxandroidble:1.16.0] AndroidManifest.xml:23:9-57
27        android:usesPermissionFlags="neverForLocation" />
27-->[com.polidea.rxandroidble2:rxandroidble:1.16.0] AndroidManifest.xml:24:9-55
28
29    <application
30        android:name="android.app.Application"
30-->src\main\AndroidManifest.xml:4:9-42
31        android:appComponentFactory="androidx.core.app.CoreComponentFactory"
31-->[androidx.core:core:1.6.0] AndroidManifest.xml:24:18-86
32        android:icon="@mipmap/ic_launcher"
32-->src\main\AndroidManifest.xml:5:9-43
33        android:label="echo_point" >
33-->src\main\AndroidManifest.xml:3:9-35
34        <activity
34-->src\main\AndroidManifest.xml:6:9-26:20
35            android:name="com.gtdvm.echo_point.MainActivity"
35-->src\main\AndroidManifest.xml:7:13-41
36            android:configChanges="orientation|keyboardHidden|keyboard|screenSize|smallestScreenSize|locale|layoutDirection|fontScale|screenLayout|density|uiMode"
36-->src\main\AndroidManifest.xml:11:13-163
37            android:exported="true"
37-->src\main\AndroidManifest.xml:8:13-36
38            android:hardwareAccelerated="true"
38-->src\main\AndroidManifest.xml:12:13-47
39            android:launchMode="singleTop"
39-->src\main\AndroidManifest.xml:9:13-43
40            android:theme="@style/LaunchTheme"
40-->src\main\AndroidManifest.xml:10:13-47
41            android:windowSoftInputMode="adjustResize" >
41-->src\main\AndroidManifest.xml:13:13-55
42
43            <!--
44                 Specifies an Android theme to apply to this Activity as soon as
45                 the Android process has started. This theme is visible to the user
46                 while the Flutter UI initializes. After that, this theme continues
47                 to determine the Window background behind the Flutter UI.
48            -->
49            <meta-data
49-->src\main\AndroidManifest.xml:18:13-21:17
50                android:name="io.flutter.embedding.android.NormalTheme"
50-->src\main\AndroidManifest.xml:19:15-70
51                android:resource="@style/NormalTheme" />
51-->src\main\AndroidManifest.xml:20:15-52
52
53            <intent-filter>
53-->src\main\AndroidManifest.xml:22:13-25:29
54                <action android:name="android.intent.action.MAIN" />
54-->src\main\AndroidManifest.xml:23:17-68
54-->src\main\AndroidManifest.xml:23:25-66
55
56                <category android:name="android.intent.category.LAUNCHER" />
56-->src\main\AndroidManifest.xml:24:17-76
56-->src\main\AndroidManifest.xml:24:27-74
57            </intent-filter>
58        </activity>
59        <!--
60             Don't delete the meta-data below.
61             This is used by the Flutter tool to generate GeneratedPluginRegistrant.java
62        -->
63        <meta-data
63-->src\main\AndroidManifest.xml:29:9-31:33
64            android:name="flutterEmbedding"
64-->src\main\AndroidManifest.xml:30:13-44
65            android:value="2" />
65-->src\main\AndroidManifest.xml:31:13-30
66
67        <receiver
67-->[org.altbeacon:android-beacon-library:2.19] AndroidManifest.xml:20:9-28:20
68            android:name="org.altbeacon.beacon.startup.StartupBroadcastReceiver"
68-->[org.altbeacon:android-beacon-library:2.19] AndroidManifest.xml:21:13-81
69            android:exported="false" >
69-->[org.altbeacon:android-beacon-library:2.19] AndroidManifest.xml:22:13-37
70            <intent-filter>
70-->[org.altbeacon:android-beacon-library:2.19] AndroidManifest.xml:23:13-27:29
71                <action android:name="android.intent.action.BOOT_COMPLETED" />
71-->[org.altbeacon:android-beacon-library:2.19] AndroidManifest.xml:24:17-79
71-->[org.altbeacon:android-beacon-library:2.19] AndroidManifest.xml:24:25-76
72                <action android:name="android.intent.action.ACTION_POWER_CONNECTED" />
72-->[org.altbeacon:android-beacon-library:2.19] AndroidManifest.xml:25:17-87
72-->[org.altbeacon:android-beacon-library:2.19] AndroidManifest.xml:25:25-84
73                <action android:name="android.intent.action.ACTION_POWER_DISCONNECTED" />
73-->[org.altbeacon:android-beacon-library:2.19] AndroidManifest.xml:26:17-90
73-->[org.altbeacon:android-beacon-library:2.19] AndroidManifest.xml:26:25-87
74            </intent-filter>
75        </receiver>
76
77        <service
77-->[org.altbeacon:android-beacon-library:2.19] AndroidManifest.xml:30:9-35:38
78            android:name="org.altbeacon.beacon.service.BeaconService"
78-->[org.altbeacon:android-beacon-library:2.19] AndroidManifest.xml:31:13-70
79            android:enabled="true"
79-->[org.altbeacon:android-beacon-library:2.19] AndroidManifest.xml:32:13-35
80            android:exported="false"
80-->[org.altbeacon:android-beacon-library:2.19] AndroidManifest.xml:33:13-37
81            android:isolatedProcess="false"
81-->[org.altbeacon:android-beacon-library:2.19] AndroidManifest.xml:34:13-44
82            android:label="beacon" />
82-->[org.altbeacon:android-beacon-library:2.19] AndroidManifest.xml:35:13-35
83        <service
83-->[org.altbeacon:android-beacon-library:2.19] AndroidManifest.xml:36:9-39:40
84            android:name="org.altbeacon.beacon.BeaconIntentProcessor"
84-->[org.altbeacon:android-beacon-library:2.19] AndroidManifest.xml:37:13-70
85            android:enabled="true"
85-->[org.altbeacon:android-beacon-library:2.19] AndroidManifest.xml:38:13-35
86            android:exported="false" />
86-->[org.altbeacon:android-beacon-library:2.19] AndroidManifest.xml:39:13-37
87        <service
87-->[org.altbeacon:android-beacon-library:2.19] AndroidManifest.xml:40:9-50:19
88            android:name="org.altbeacon.beacon.service.ScanJob"
88-->[org.altbeacon:android-beacon-library:2.19] AndroidManifest.xml:41:13-64
89            android:exported="false"
89-->[org.altbeacon:android-beacon-library:2.19] AndroidManifest.xml:42:13-37
90            android:permission="android.permission.BIND_JOB_SERVICE" >
90-->[org.altbeacon:android-beacon-library:2.19] AndroidManifest.xml:43:13-69
91            <meta-data
91-->[org.altbeacon:android-beacon-library:2.19] AndroidManifest.xml:44:13-46:45
92                android:name="immediateScanJobId"
92-->[org.altbeacon:android-beacon-library:2.19] AndroidManifest.xml:45:17-50
93                android:value="208352939" />
93-->[org.altbeacon:android-beacon-library:2.19] AndroidManifest.xml:46:17-42
94            <meta-data
94-->[org.altbeacon:android-beacon-library:2.19] AndroidManifest.xml:47:13-49:45
95                android:name="periodicScanJobId"
95-->[org.altbeacon:android-beacon-library:2.19] AndroidManifest.xml:48:17-49
96                android:value="208352940" />
96-->[org.altbeacon:android-beacon-library:2.19] AndroidManifest.xml:49:17-42
97        </service>
98        <service
98-->[org.altbeacon:android-beacon-library:2.19] AndroidManifest.xml:51:9-58:19
99            android:name="org.altbeacon.bluetooth.BluetoothTestJob"
99-->[org.altbeacon:android-beacon-library:2.19] AndroidManifest.xml:52:13-68
100            android:exported="false"
100-->[org.altbeacon:android-beacon-library:2.19] AndroidManifest.xml:53:13-37
101            android:permission="android.permission.BIND_JOB_SERVICE" >
101-->[org.altbeacon:android-beacon-library:2.19] AndroidManifest.xml:54:13-69
102            <meta-data
102-->[org.altbeacon:android-beacon-library:2.19] AndroidManifest.xml:55:13-57:46
103                android:name="jobId"
103-->[org.altbeacon:android-beacon-library:2.19] AndroidManifest.xml:56:17-37
104                android:value="1799803768" />
104-->[org.altbeacon:android-beacon-library:2.19] AndroidManifest.xml:57:17-43
105        </service>
106
107        <uses-library
107-->[androidx.window:window:1.0.0-beta04] AndroidManifest.xml:25:9-27:40
108            android:name="androidx.window.extensions"
108-->[androidx.window:window:1.0.0-beta04] AndroidManifest.xml:26:13-54
109            android:required="false" />
109-->[androidx.window:window:1.0.0-beta04] AndroidManifest.xml:27:13-37
110        <uses-library
110-->[androidx.window:window:1.0.0-beta04] AndroidManifest.xml:28:9-30:40
111            android:name="androidx.window.sidecar"
111-->[androidx.window:window:1.0.0-beta04] AndroidManifest.xml:29:13-51
112            android:required="false" />
112-->[androidx.window:window:1.0.0-beta04] AndroidManifest.xml:30:13-37
113    </application>
114
115</manifest>